app/build/intermediates/manifest_merge_blame_file/debug/manifest-merger-blame-debug-report.txt
1<?xml version="1.0" encoding="utf-8"?>
2<manifest xmlns:android="http://schemas.android.com/apk/res/android"
3    package="com.example.clonequizqs"
4    android:versionCode="1"
5    android:versionName="1.0" >
6
7    <uses-sdk
8        android:minSdkVersion="15"
8-->src\main\AndroidManifest.xml
9        android:targetSdkVersion="29" />
9-->src\main\AndroidManifest.xml
10
11    <application
11-->src\main\AndroidManifest.xml:5:5-39:19
12        android:allowBackup="true"
12-->src\main\AndroidManifest.xml:6:9-35
13        android:appComponentFactory="androidx.core.app.CoreComponentFactory"
13-->[androidx.core:core:1.1.0] AndroidManifest.xml:24:18-86
14        android:debuggable="true"
15        android:icon="@mipmap/ic_launcher"
15-->src\main\AndroidManifest.xml:7:9-43
16        android:label="@string/app_name"
16-->src\main\AndroidManifest.xml:8:9-41
17        android:roundIcon="@mipmap/ic_launcher_round"
17-->src\main\AndroidManifest.xml:9:9-54
18        android:supportsRtl="true"
18-->src\main\AndroidManifest.xml:10:9-35
19        android:testOnly="true"
20        android:theme="@style/AppTheme" >
20-->src\main\AndroidManifest.xml:11:9-40
21        <activity android:name="com.example.clonequizqs.View.HomeActivity" >
21-->src\main\AndroidManifest.xml:12:9-18:20
21-->src\main\AndroidManifest.xml:12:19-52
22            <intent-filter>
22-->src\main\AndroidManifest.xml:13:13-17:29
23                <action android:name="android.intent.action.MAIN" />
23-->src\main\AndroidManifest.xml:14:17-69
23-->src\main\AndroidManifest.xml:14:25-66
24
25                <category android:name="android.intent.category.LAUNCHER" />
25-->src\main\AndroidManifest.xml:16:17-77
25-->src\main\AndroidManifest.xml:16:27-74
26            </intent-filter>
27        </activity>
28        <activity android:name="com.example.clonequizqs.View.CategoryActivity" />
28-->src\main\AndroidManifest.xml:19:9-59
28-->src\main\AndroidManifest.xml:19:19-56
29        <activity android:name="com.example.clonequizqs.View.GameNormalActivity" />
29-->src\main\AndroidManifest.xml:20:9-61
29-->src\main\AndroidManifest.xml:20:19-58
30        <activity android:name="com.example.clonequizqs.View.GameInfiniteActivity" />
30-->src\main\AndroidManifest.xml:21:9-63
30-->src\main\AndroidManifest.xml:21:19-60
31        <activity android:name="com.example.clonequizqs.View.MusicNormalActivity" />
31-->src\main\AndroidManifest.xml:22:9-62
31-->src\main\AndroidManifest.xml:22:19-59
32        <activity android:name="com.example.clonequizqs.View.MusicInfiniteActivity" />
32-->src\main\AndroidManifest.xml:23:9-64
32-->src\main\AndroidManifest.xml:23:19-61
33        <activity android:name="com.example.clonequizqs.View.GeneralNormalActivity" />
33-->src\main\AndroidManifest.xml:24:9-64
33-->src\main\AndroidManifest.xml:24:19-61
34        <activity android:name="com.example.clonequizqs.View.GeneralInfiniteActivity" />
34-->src\main\AndroidManifest.xml:25:9-66
34-->src\main\AndroidManifest.xml:25:19-63
35        <activity android:name="com.example.clonequizqs.View.EnglishNormalActivity" />
35-->src\main\AndroidManifest.xml:26:9-64
35-->src\main\AndroidManifest.xml:26:19-61
36        <activity android:name="com.example.clonequizqs.View.SportNormalActivity" />
36-->src\main\AndroidManifest.xml:27:9-62
36-->src\main\AndroidManifest.xml:27:19-59
37        <activity android:name="com.example.clonequizqs.View.SportInfiniteActivity" />
37-->src\main\AndroidManifest.xml:28:9-64
37-->src\main\AndroidManifest.xml:28:19-61
38        <activity android:name="com.example.clonequizqs.View.ComputerNormalActivity" />
38-->src\main\AndroidManifest.xml:29:9-65
38-->src\main\AndroidManifest.xml:29:19-62
39        <activity android:name="com.example.clonequizqs.View.ComputerInfiniteActivity" />
39-->src\main\AndroidManifest.xml:30:9-67
39-->src\main\AndroidManifest.xml:30:19-64
40        <activity android:name="com.example.clonequizqs.View.AboutMeActivity" />
40-->src\main\AndroidManifest.xml:31:9-58
40-->src\main\AndroidManifest.xml:31:19-55
41        <activity android:name="com.example.clonequizqs.View.GameWonActivity" />
41-->src\main\AndroidManifest.xml:32:9-58
41-->src\main\AndroidManifest.xml:32:19-55
42        <activity android:name="com.example.clonequizqs.View.EnglishPuzzleActivity" />
42-->src\main\AndroidManifest.xml:33:9-64
42-->src\main\AndroidManifest.xml:33:19-61
43
44        <service
44-->src\main\AndroidManifest.xml:35:9-38:51
45            android:name="com.example.clonequizqs.ThemeSongService"
45-->src\main\AndroidManifest.xml:36:17-49
46            android:enabled="true"
46-->src\main\AndroidManifest.xml:37:17-39
47            android:exported="true" />
47-->src\main\AndroidManifest.xml:38:17-40
48    </application>
49
50</manifest>